[    48.964] (WW) Failed to open protocol names file lib/xorg/protocol.txt
[    48.965] 
X.Org X Server 1.20.11
X Protocol Version 11, Revision 0
[    48.965] Build Operating System: Linux Manjaro Linux
[    48.965] Current Operating System: Linux manjaro 5.10.30-1-MANJARO #1 SMP Wed Apr 14 08:07:27 UTC 2021 x86_64
[    48.965] Kernel command line: BOOT_IMAGE=/@/boot/vmlinuz-5.10-x86_64 root=UUID=aee38969-f00c-499f-b64d-8b0f31a53a65 rw rootflags=subvol=@
[    48.966] Build Date: 13 April 2021  04:11:08PM
[    48.966]  
[    48.966] Current version of pixman: 0.40.0
[    48.966] 	Before reporting problems, check http://wiki.x.org
	to make sure that you have the latest version.
[    48.966] Markers: (--) probed, (**) from config file, (==) default setting,
	(++) from command line, (!!) notice, (II) informational,
	(WW) warning, (EE) error, (NI) not implemented, (??) unknown.
[    48.967] (==) Log file: "/home/philip/.local/share/xorg/Xorg.0.log", Time: Sun May  2 17:58:37 2021
[    48.968] (==) Using config directory: "/etc/X11/xorg.conf.d"
[    48.968] (==) Using system config directory "/usr/share/X11/xorg.conf.d"
[    48.969] (==) No Layout section.  Using the first Screen section.
[    48.969] (==) No screen section available. Using defaults.
[    48.969] (**) |-->Screen "Default Screen Section" (0)
[    48.969] (**) |   |-->Monitor "<default monitor>"
[    48.970] (==) No monitor specified for screen "Default Screen Section".
	Using a default monitor configuration.
[    48.970] (==) Automatically adding devices
[    48.970] (==) Automatically enabling devices
[    48.970] (==) Automatically adding GPU devices
[    48.970] (==) Automatically binding GPU devices
[    48.970] (==) Max clients allowed: 256, resource mask: 0x1fffff
[    48.985] (WW) The directory "/usr/share/fonts/OTF" does not exist.
[    48.985] 	Entry deleted from font path.
[    48.985] (WW) The directory "/usr/share/fonts/Type1" does not exist.
[    48.985] 	Entry deleted from font path.
[    48.985] (WW) The directory "/usr/share/fonts/100dpi" does not exist.
[    48.985] 	Entry deleted from font path.
[    48.985] (WW) The directory "/usr/share/fonts/75dpi" does not exist.
[    48.985] 	Entry deleted from font path.
[    48.985] (==) FontPath set to:
	/usr/share/fonts/misc,
	/usr/share/fonts/TTF
[    48.985] (==) ModulePath set to "/usr/lib/xorg/modules"
[    48.985] (II) The server relies on udev to provide the list of input devices.
	If no devices become available, reconfigure udev or disable AutoAddDevices.
[    48.985] (II) Module ABI versions:
[    48.985] 	X.Org ANSI C Emulation: 0.4
[    48.985] 	X.Org Video Driver: 24.1
[    48.985] 	X.Org XInput driver : 24.1
[    48.985] 	X.Org Server Extension : 10.0
[    48.987] (++) using VT number 1

[    48.993] (II) systemd-logind: took control of session /org/freedesktop/login1/session/_31
[    48.996] (II) xfree86: Adding drm device (/dev/dri/card0)
[    48.998] (II) systemd-logind: got fd for /dev/dri/card0 226:0 fd 10 paused 0
[    49.005] (--) PCI:*(0@0:2:0) 8086:0116:1025:0649 rev 9, Mem @ 0xc0000000/4194304, 0xb0000000/268435456, I/O @ 0x00002000/64, BIOS @ 0x????????/131072
[    49.006] (WW) Open ACPI failed (/var/run/acpid.socket) (No such file or directory)
[    49.006] (II) LoadModule: "glx"
[    49.007] (II) Loading /usr/lib/xorg/modules/extensions/libglx.so
[    49.055] (II) Module glx: vendor="X.Org Foundation"
[    49.056] 	compiled for 1.20.11, module version = 1.0.0
[    49.056] 	ABI class: X.Org Server Extension, version 10.0
[    49.056] (==) Matched intel as autoconfigured driver 0
[    49.056] (==) Matched modesetting as autoconfigured driver 1
[    49.056] (==) Matched fbdev as autoconfigured driver 2
[    49.056] (==) Matched vesa as autoconfigured driver 3
[    49.056] (==) Assigned the driver to the xf86ConfigLayout
[    49.056] (II) LoadModule: "intel"
[    49.056] (II) Loading /usr/lib/xorg/modules/drivers/intel_drv.so
[    49.151] (II) Module intel: vendor="X.Org Foundation"
[    49.151] 	compiled for 1.20.10, module version = 2.99.917
[    49.151] 	Module class: X.Org Video Driver
[    49.151] 	ABI class: X.Org Video Driver, version 24.1
[    49.152] (II) LoadModule: "modesetting"
[    49.152] (II) Loading /usr/lib/xorg/modules/drivers/modesetting_drv.so
[    49.203] (II) Module modesetting: vendor="X.Org Foundation"
[    49.204] 	compiled for 1.20.11, module version = 1.20.11
[    49.204] 	Module class: X.Org Video Driver
[    49.204] 	ABI class: X.Org Video Driver, version 24.1
[    49.204] (II) LoadModule: "fbdev"
[    49.204] (WW) Warning, couldn't open module fbdev
[    49.205] (EE) Failed to load module "fbdev" (module does not exist, 0)
[    49.205] (II) LoadModule: "vesa"
[    49.205] (WW) Warning, couldn't open module vesa
[    49.205] (EE) Failed to load module "vesa" (module does not exist, 0)
[    49.205] (II) intel: Driver for Intel(R) Integrated Graphics Chipsets:
	i810, i810-dc100, i810e, i815, i830M, 845G, 854, 852GM/855GM, 865G,
	915G, E7221 (i915), 915GM, 945G, 945GM, 945GME, Pineview GM,
	Pineview G, 965G, G35, 965Q, 946GZ, 965GM, 965GME/GLE, G33, Q35, Q33,
	GM45, 4 Series, G45/G43, Q45/Q43, G41, B43
[    49.207] (II) intel: Driver for Intel(R) HD Graphics
[    49.207] (II) intel: Driver for Intel(R) Iris(TM) Graphics
[    49.207] (II) intel: Driver for Intel(R) Iris(TM) Pro Graphics
[    49.207] (II) modesetting: Driver for Modesetting Kernel Drivers: kms
[    49.207] xf86EnableIOPorts: failed to set IOPL for I/O (Operation not permitted)
[    49.207] (II) intel(0): Using Kernel Mode Setting driver: i915, version 1.6.0 20200917
[    49.207] (II) intel(0): SNA compiled from 2.99.917-916-g31486f40
[    49.234] (WW) Falling back to old probe method for modesetting
[    49.234] (WW) VGA arbiter: cannot open kernel arbiter, no multi-card support
[    49.235] (--) intel(0): Integrated Graphics Chipset: Intel(R) HD Graphics 3000
[    49.235] (--) intel(0): CPU: x86-64, sse2, sse3, ssse3, sse4.1, sse4.2, avx; using a maximum of 2 threads
[    49.235] (II) intel(0): Creating default Display subsection in Screen section
	"Default Screen Section" for depth/fbbpp 24/32
[    49.235] (==) intel(0): Depth 24, (--) framebuffer bpp 32
[    49.235] (==) intel(0): RGB weight 888
[    49.235] (==) intel(0): Default visual is TrueColor
[    49.237] (II) intel(0): Output LVDS1 has no monitor section
[    49.238] (**) intel(0): Found backlight control interface intel_backlight (type 'raw') for output LVDS1
[    49.239] (II) intel(0): Enabled output LVDS1
[    49.239] (II) intel(0): Output VGA1 has no monitor section
[    49.239] (II) intel(0): Enabled output VGA1
[    49.239] (II) intel(0): Output HDMI1 has no monitor section
[    49.240] (II) intel(0): Enabled output HDMI1
[    49.240] (II) intel(0): Output DP1 has no monitor section
[    49.240] (II) intel(0): Enabled output DP1
[    49.240] (--) intel(0): Using a maximum size of 256x256 for hardware cursors
[    49.241] (II) intel(0): Output VIRTUAL1 has no monitor section
[    49.241] (II) intel(0): Enabled output VIRTUAL1
[    49.241] (--) intel(0): Output LVDS1 using initial mode 1366x768 on pipe 0
[    49.241] (==) intel(0): TearFree disabled
[    49.241] (==) intel(0): Using gamma correction (1.0, 1.0, 1.0)
[    49.241] (==) intel(0): DPI set to (96, 96)
[    49.241] (II) Loading sub module "dri3"
[    49.241] (II) LoadModule: "dri3"
[    49.241] (II) Module "dri3" already built-in
[    49.241] (II) Loading sub module "dri2"
[    49.241] (II) LoadModule: "dri2"
[    49.241] (II) Module "dri2" already built-in
[    49.241] (II) Loading sub module "present"
[    49.241] (II) LoadModule: "present"
[    49.242] (II) Module "present" already built-in
[    49.242] (II) UnloadModule: "modesetting"
[    49.242] (II) Unloading modesetting
[    49.243] (II) intel(0): SNA initialized with Sandybridge (gen6, gt2) backend
[    49.243] (==) intel(0): Backing store enabled
[    49.243] (==) intel(0): Silken mouse disabled
[    49.243] (II) intel(0): HW Cursor enabled
[    49.244] (==) intel(0): DPMS enabled
[    49.244] (==) intel(0): Display hotplug detection enabled
[    49.244] (II) intel(0): [DRI2] Setup complete
[    49.244] (II) intel(0): [DRI2]   DRI driver: i965
[    49.244] (II) intel(0): [DRI2]   VDPAU driver: va_gl
[    49.245] (II) intel(0): direct rendering: DRI2 DRI3 enabled
[    49.245] (II) intel(0): hardware support for Present enabled
[    49.245] (II) Initializing extension Generic Event Extension
[    49.245] (II) Initializing extension SHAPE
[    49.245] (II) Initializing extension MIT-SHM
[    49.245] (II) Initializing extension XInputExtension
[    49.245] (II) Initializing extension XTEST
[    49.245] (II) Initializing extension BIG-REQUESTS
[    49.245] (II) Initializing extension SYNC
[    49.245] (II) Initializing extension XKEYBOARD
[    49.245] (II) Initializing extension XC-MISC
[    49.245] (II) Initializing extension SECURITY
[    49.246] (II) Initializing extension XFIXES
[    49.246] (II) Initializing extension RENDER
[    49.246] (II) Initializing extension RANDR
[    49.246] (II) Initializing extension COMPOSITE
[    49.246] (II) Initializing extension DAMAGE
[    49.246] (II) Initializing extension MIT-SCREEN-SAVER
[    49.246] (II) Initializing extension DOUBLE-BUFFER
[    49.246] (II) Initializing extension RECORD
[    49.246] (II) Initializing extension DPMS
[    49.246] (II) Initializing extension Present
[    49.246] (II) Initializing extension DRI3
[    49.246] (II) Initializing extension X-Resource
[    49.246] (II) Initializing extension XVideo
[    49.246] (II) Initializing extension XVideo-MotionCompensation
[    49.246] (II) Initializing extension GLX
[    49.718] (II) AIGLX: Loaded and initialized i965
[    49.718] (II) GLX: Initialized DRI2 GL provider for screen 0
[    49.718] (II) Initializing extension XFree86-VidModeExtension
[    49.718] (II) Initializing extension XFree86-DGA
[    49.718] (II) Initializing extension XFree86-DRI
[    49.718] (II) Initializing extension DRI2
[    49.725] (II) intel(0): switch to mode 1366x768@60.0 on LVDS1 using pipe 0, position (0, 0), rotation normal, reflection none
[    49.739] (II) intel(0): Setting screen physical size to 361 x 203
[    50.042] (II) config/udev: Adding input device Power Button (/dev/input/event3)
[    50.042] (**) Power Button: Applying InputClass "evdev keyboard catchall"
[    50.043] (**) Power Button: Applying InputClass "libinput keyboard catchall"
[    50.043] (**) Power Button: Applying InputClass "system-keyboard"
[    50.043] (II) LoadModule: "libinput"
[    50.043] (II) Loading /usr/lib/xorg/modules/input/libinput_drv.so
[    50.088] (II) Module libinput: vendor="X.Org Foundation"
[    50.088] 	compiled for 1.20.10, module version = 1.0.0
[    50.088] 	Module class: X.Org XInput Driver
[    50.088] 	ABI class: X.Org XInput driver, version 24.1
[    50.088] (II) Using input driver 'libinput' for 'Power Button'
[    50.090] (II) systemd-logind: got fd for /dev/input/event3 13:67 fd 16 paused 0
[    50.090] (**) Power Button: always reports core events
[    50.090] (**) Option "Device" "/dev/input/event3"
[    50.090] (**) Option "_source" "server/udev"
[    50.114] (II) event3  - Power Button: is tagged by udev as: Keyboard
[    50.114] (II) event3  - Power Button: device is a keyboard
[    50.114] (II) event3  - Power Button: device removed
[    50.114] (**) Option "config_info" "udev:/sys/devices/LNXSYSTM:00/LNXPWRBN:00/input/input3/event3"
[    50.114] (II) XINPUT: Adding extended input device "Power Button" (type: KEYBOARD, id 6)
[    50.114] (**) Option "xkb_layout" "us"
[    50.115] (II) event3  - Power Button: is tagged by udev as: Keyboard
[    50.115] (II) event3  - Power Button: device is a keyboard
[    50.116] (II) config/udev: Adding input device Video Bus (/dev/input/event13)
[    50.116] (**) Video Bus: Applying InputClass "evdev keyboard catchall"
[    50.116] (**) Video Bus: Applying InputClass "libinput keyboard catchall"
[    50.116] (**) Video Bus: Applying InputClass "system-keyboard"
[    50.116] (II) Using input driver 'libinput' for 'Video Bus'
[    50.118] (II) systemd-logind: got fd for /dev/input/event13 13:77 fd 19 paused 0
[    50.118] (**) Video Bus: always reports core events
[    50.118] (**) Option "Device" "/dev/input/event13"
[    50.119] (**) Option "_source" "server/udev"
[    50.120] (II) event13 - Video Bus: is tagged by udev as: Keyboard
[    50.120] (II) event13 - Video Bus: device is a keyboard
[    50.120] (II) event13 - Video Bus: device removed
[    50.120] (**) Option "config_info" "udev:/sys/devices/LNXSYSTM:00/LNXSYBUS:00/PNP0A08:00/LNXVIDEO:00/input/input15/event13"
[    50.120] (II) XINPUT: Adding extended input device "Video Bus" (type: KEYBOARD, id 7)
[    50.120] (**) Option "xkb_layout" "us"
[    50.121] (II) event13 - Video Bus: is tagged by udev as: Keyboard
[    50.121] (II) event13 - Video Bus: device is a keyboard
[    50.122] (II) config/udev: Adding input device Power Button (/dev/input/event0)
[    50.122] (**) Power Button: Applying InputClass "evdev keyboard catchall"
[    50.122] (**) Power Button: Applying InputClass "libinput keyboard catchall"
[    50.122] (**) Power Button: Applying InputClass "system-keyboard"
[    50.122] (II) Using input driver 'libinput' for 'Power Button'
[    50.125] (II) systemd-logind: got fd for /dev/input/event0 13:64 fd 20 paused 0
[    50.125] (**) Power Button: always reports core events
[    50.125] (**) Option "Device" "/dev/input/event0"
[    50.125] (**) Option "_source" "server/udev"
[    50.126] (II) event0  - Power Button: is tagged by udev as: Keyboard
[    50.126] (II) event0  - Power Button: device is a keyboard
[    50.126] (II) event0  - Power Button: device removed
[    50.126] (**) Option "config_info" "udev:/sys/devices/LNXSYSTM:00/LNXSYBUS:00/PNP0A08:00/device:01/PNP0C0C:00/input/input0/event0"
[    50.126] (II) XINPUT: Adding extended input device "Power Button" (type: KEYBOARD, id 8)
[    50.126] (**) Option "xkb_layout" "us"
[    50.128] (II) event0  - Power Button: is tagged by udev as: Keyboard
[    50.128] (II) event0  - Power Button: device is a keyboard
[    50.129] (II) config/udev: Adding input device Lid Switch (/dev/input/event1)
[    50.129] (II) No input driver specified, ignoring this device.
[    50.129] (II) This device may have been added with another device file.
[    50.129] (II) config/udev: Adding input device Sleep Button (/dev/input/event2)
[    50.129] (**) Sleep Button: Applying InputClass "evdev keyboard catchall"
[    50.129] (**) Sleep Button: Applying InputClass "libinput keyboard catchall"
[    50.129] (**) Sleep Button: Applying InputClass "system-keyboard"
[    50.129] (II) Using input driver 'libinput' for 'Sleep Button'
[    50.132] (II) systemd-logind: got fd for /dev/input/event2 13:66 fd 21 paused 0
[    50.132] (**) Sleep Button: always reports core events
[    50.132] (**) Option "Device" "/dev/input/event2"
[    50.132] (**) Option "_source" "server/udev"
[    50.133] (II) event2  - Sleep Button: is tagged by udev as: Keyboard
[    50.133] (II) event2  - Sleep Button: device is a keyboard
[    50.133] (II) event2  - Sleep Button: device removed
[    50.133] (**) Option "config_info" "udev:/sys/devices/LNXSYSTM:00/LNXSYBUS:00/PNP0A08:00/device:01/PNP0C0E:00/input/input2/event2"
[    50.134] (II) XINPUT: Adding extended input device "Sleep Button" (type: KEYBOARD, id 9)
[    50.134] (**) Option "xkb_layout" "us"
[    50.135] (II) event2  - Sleep Button: is tagged by udev as: Keyboard
[    50.135] (II) event2  - Sleep Button: device is a keyboard
[    50.136] (II) config/udev: Adding input device HD WebCam: HD WebCam (/dev/input/event19)
[    50.136] (**) HD WebCam: HD WebCam: Applying InputClass "evdev keyboard catchall"
[    50.136] (**) HD WebCam: HD WebCam: Applying InputClass "libinput keyboard catchall"
[    50.137] (**) HD WebCam: HD WebCam: Applying InputClass "system-keyboard"
[    50.137] (II) Using input driver 'libinput' for 'HD WebCam: HD WebCam'
[    50.139] (II) systemd-logind: got fd for /dev/input/event19 13:83 fd 22 paused 0
[    50.139] (**) HD WebCam: HD WebCam: always reports core events
[    50.139] (**) Option "Device" "/dev/input/event19"
[    50.139] (**) Option "_source" "server/udev"
[    50.141] (II) event19 - HD WebCam: HD WebCam: is tagged by udev as: Keyboard
[    50.141] (II) event19 - HD WebCam: HD WebCam: device is a keyboard
[    50.141] (II) event19 - HD WebCam: HD WebCam: device removed
[    50.141] (**) Option "config_info" "udev:/sys/devices/pci0000:00/0000:00:1a.0/usb1/1-1/1-1.3/1-1.3:1.0/input/input20/event19"
[    50.141] (II) XINPUT: Adding extended input device "HD WebCam: HD WebCam" (type: KEYBOARD, id 10)
[    50.141] (**) Option "xkb_layout" "us"
[    50.143] (II) event19 - HD WebCam: HD WebCam: is tagged by udev as: Keyboard
[    50.143] (II) event19 - HD WebCam: HD WebCam: device is a keyboard
[    50.143] (II) config/udev: Adding input device HDA Intel PCH Mic (/dev/input/event16)
[    50.143] (II) No input driver specified, ignoring this device.
[    50.143] (II) This device may have been added with another device file.
[    50.144] (II) config/udev: Adding input device HDA Intel PCH Headphone (/dev/input/event17)
[    50.144] (II) No input driver specified, ignoring this device.
[    50.144] (II) This device may have been added with another device file.
[    50.144] (II) config/udev: Adding input device HDA Intel PCH HDMI/DP,pcm=3 (/dev/input/event18)
[    50.144] (II) No input driver specified, ignoring this device.
[    50.144] (II) This device may have been added with another device file.
[    50.145] (II) config/udev: Adding input device Telink Wireless Receiver Mouse (/dev/input/event4)
[    50.145] (**) Telink Wireless Receiver Mouse: Applying InputClass "evdev pointer catchall"
[    50.145] (**) Telink Wireless Receiver Mouse: Applying InputClass "libinput pointer catchall"
[    50.145] (II) Using input driver 'libinput' for 'Telink Wireless Receiver Mouse'
[    50.148] (II) systemd-logind: got fd for /dev/input/event4 13:68 fd 23 paused 0
[    50.148] (**) Telink Wireless Receiver Mouse: always reports core events
[    50.148] (**) Option "Device" "/dev/input/event4"
[    50.148] (**) Option "_source" "server/udev"
[    50.153] (II) event4  - Telink Wireless Receiver Mouse: is tagged by udev as: Mouse
[    50.154] (II) event4  - Telink Wireless Receiver Mouse: device is a pointer
[    50.154] (II) event4  - Telink Wireless Receiver Mouse: device removed
[    50.154] (**) Option "config_info" "udev:/sys/devices/pci0000:00/0000:00:1d.0/usb2/2-1/2-1.1/2-1.1:1.0/0003:248A:8514.0001/input/input4/event4"
[    50.154] (II) XINPUT: Adding extended input device "Telink Wireless Receiver Mouse" (type: MOUSE, id 11)
[    50.154] (**) Option "AccelerationScheme" "none"
[    50.154] (**) Telink Wireless Receiver Mouse: (accel) selected scheme none/0
[    50.154] (**) Telink Wireless Receiver Mouse: (accel) acceleration factor: 2.000
[    50.154] (**) Telink Wireless Receiver Mouse: (accel) acceleration threshold: 4
[    50.157] (II) event4  - Telink Wireless Receiver Mouse: is tagged by udev as: Mouse
[    50.157] (II) event4  - Telink Wireless Receiver Mouse: device is a pointer
[    50.159] (II) config/udev: Adding input device Telink Wireless Receiver Mouse (/dev/input/mouse0)
[    50.159] (II) No input driver specified, ignoring this device.
[    50.159] (II) This device may have been added with another device file.
[    50.161] (II) config/udev: Adding input device Telink Wireless Receiver Consumer Control (/dev/input/event5)
[    50.161] (**) Telink Wireless Receiver Consumer Control: Applying InputClass "evdev keyboard catchall"
[    50.161] (**) Telink Wireless Receiver Consumer Control: Applying InputClass "libinput keyboard catchall"
[    50.161] (**) Telink Wireless Receiver Consumer Control: Applying InputClass "system-keyboard"
[    50.161] (II) Using input driver 'libinput' for 'Telink Wireless Receiver Consumer Control'
[    50.163] (II) systemd-logind: got fd for /dev/input/event5 13:69 fd 24 paused 0
[    50.163] (**) Telink Wireless Receiver Consumer Control: always reports core events
[    50.163] (**) Option "Device" "/dev/input/event5"
[    50.163] (**) Option "_source" "server/udev"
[    50.166] (II) event5  - Telink Wireless Receiver Consumer Control: is tagged by udev as: Keyboard
[    50.166] (II) event5  - Telink Wireless Receiver Consumer Control: device is a keyboard
[    50.167] (II) event5  - Telink Wireless Receiver Consumer Control: device removed
[    50.167] (II) libinput: Telink Wireless Receiver Consumer Control: needs a virtual subdevice
[    50.167] (**) Option "config_info" "udev:/sys/devices/pci0000:00/0000:00:1d.0/usb2/2-1/2-1.1/2-1.1:1.0/0003:248A:8514.0001/input/input5/event5"
[    50.167] (II) XINPUT: Adding extended input device "Telink Wireless Receiver Consumer Control" (type: MOUSE, id 12)
[    50.167] (**) Option "AccelerationScheme" "none"
[    50.167] (**) Telink Wireless Receiver Consumer Control: (accel) selected scheme none/0
[    50.167] (**) Telink Wireless Receiver Consumer Control: (accel) acceleration factor: 2.000
[    50.167] (**) Telink Wireless Receiver Consumer Control: (accel) acceleration threshold: 4
[    50.170] (II) event5  - Telink Wireless Receiver Consumer Control: is tagged by udev as: Keyboard
[    50.170] (II) event5  - Telink Wireless Receiver Consumer Control: device is a keyboard
[    50.172] (II) config/udev: Adding input device Telink Wireless Receiver System Control (/dev/input/event6)
[    50.172] (**) Telink Wireless Receiver System Control: Applying InputClass "evdev keyboard catchall"
[    50.172] (**) Telink Wireless Receiver System Control: Applying InputClass "libinput keyboard catchall"
[    50.172] (**) Telink Wireless Receiver System Control: Applying InputClass "system-keyboard"
[    50.172] (II) Using input driver 'libinput' for 'Telink Wireless Receiver System Control'
[    50.174] (II) systemd-logind: got fd for /dev/input/event6 13:70 fd 25 paused 0
[    50.174] (**) Telink Wireless Receiver System Control: always reports core events
[    50.174] (**) Option "Device" "/dev/input/event6"
[    50.174] (**) Option "_source" "server/udev"
[    50.177] (II) event6  - Telink Wireless Receiver System Control: is tagged by udev as: Keyboard
[    50.177] (II) event6  - Telink Wireless Receiver System Control: device is a keyboard
[    50.177] (II) event6  - Telink Wireless Receiver System Control: device removed
[    50.178] (**) Option "config_info" "udev:/sys/devices/pci0000:00/0000:00:1d.0/usb2/2-1/2-1.1/2-1.1:1.0/0003:248A:8514.0001/input/input6/event6"
[    50.178] (II) XINPUT: Adding extended input device "Telink Wireless Receiver System Control" (type: KEYBOARD, id 13)
[    50.178] (**) Option "xkb_layout" "us"
[    50.181] (II) event6  - Telink Wireless Receiver System Control: is tagged by udev as: Keyboard
[    50.181] (II) event6  - Telink Wireless Receiver System Control: device is a keyboard
[    50.183] (II) config/udev: Adding input device Telink Wireless Receiver (/dev/input/event7)
[    50.183] (**) Telink Wireless Receiver: Applying InputClass "evdev keyboard catchall"
[    50.183] (**) Telink Wireless Receiver: Applying InputClass "libinput keyboard catchall"
[    50.183] (**) Telink Wireless Receiver: Applying InputClass "system-keyboard"
[    50.183] (II) Using input driver 'libinput' for 'Telink Wireless Receiver'
[    50.185] (II) systemd-logind: got fd for /dev/input/event7 13:71 fd 26 paused 0
[    50.185] (**) Telink Wireless Receiver: always reports core events
[    50.185] (**) Option "Device" "/dev/input/event7"
[    50.185] (**) Option "_source" "server/udev"
[    50.188] (II) event7  - Telink Wireless Receiver: is tagged by udev as: Keyboard
[    50.188] (II) event7  - Telink Wireless Receiver: device is a keyboard
[    50.189] (II) event7  - Telink Wireless Receiver: device removed
[    50.189] (**) Option "config_info" "udev:/sys/devices/pci0000:00/0000:00:1d.0/usb2/2-1/2-1.1/2-1.1:1.1/0003:248A:8514.0002/input/input7/event7"
[    50.189] (II) XINPUT: Adding extended input device "Telink Wireless Receiver" (type: KEYBOARD, id 14)
[    50.189] (**) Option "xkb_layout" "us"
[    50.191] (II) event7  - Telink Wireless Receiver: is tagged by udev as: Keyboard
[    50.192] (II) event7  - Telink Wireless Receiver: device is a keyboard
[    50.194] (II) config/udev: Adding input device Telink Wireless Receiver Mouse (/dev/input/event9)
[    50.194] (**) Telink Wireless Receiver Mouse: Applying InputClass "evdev pointer catchall"
[    50.194] (**) Telink Wireless Receiver Mouse: Applying InputClass "libinput pointer catchall"
[    50.194] (II) Using input driver 'libinput' for 'Telink Wireless Receiver Mouse'
[    50.196] (II) systemd-logind: got fd for /dev/input/event9 13:73 fd 27 paused 0
[    50.196] (**) Telink Wireless Receiver Mouse: always reports core events
[    50.196] (**) Option "Device" "/dev/input/event9"
[    50.196] (**) Option "_source" "server/udev"
[    50.199] (II) event9  - Telink Wireless Receiver Mouse: is tagged by udev as: Mouse
[    50.199] (II) event9  - Telink Wireless Receiver Mouse: device is a pointer
[    50.199] (II) event9  - Telink Wireless Receiver Mouse: device removed
[    50.199] (**) Option "config_info" "udev:/sys/devices/pci0000:00/0000:00:1d.0/usb2/2-1/2-1.2/2-1.2:1.0/0003:00DA:8510.0003/input/input10/event9"
[    50.199] (II) XINPUT: Adding extended input device "Telink Wireless Receiver Mouse" (type: MOUSE, id 15)
[    50.200] (**) Option "AccelerationScheme" "none"
[    50.200] (**) Telink Wireless Receiver Mouse: (accel) selected scheme none/0
[    50.200] (**) Telink Wireless Receiver Mouse: (accel) acceleration factor: 2.000
[    50.200] (**) Telink Wireless Receiver Mouse: (accel) acceleration threshold: 4
[    50.202] (II) event9  - Telink Wireless Receiver Mouse: is tagged by udev as: Mouse
[    50.203] (II) event9  - Telink Wireless Receiver Mouse: device is a pointer
[    50.204] (II) config/udev: Adding input device Telink Wireless Receiver Mouse (/dev/input/mouse1)
[    50.204] (II) No input driver specified, ignoring this device.
[    50.204] (II) This device may have been added with another device file.
[    50.206] (II) config/udev: Adding input device Telink Wireless Receiver Consumer Control (/dev/input/event10)
[    50.206] (**) Telink Wireless Receiver Consumer Control: Applying InputClass "evdev keyboard catchall"
[    50.206] (**) Telink Wireless Receiver Consumer Control: Applying InputClass "libinput keyboard catchall"
[    50.206] (**) Telink Wireless Receiver Consumer Control: Applying InputClass "system-keyboard"
[    50.206] (II) Using input driver 'libinput' for 'Telink Wireless Receiver Consumer Control'
[    50.208] (II) systemd-logind: got fd for /dev/input/event10 13:74 fd 28 paused 0
[    50.208] (**) Telink Wireless Receiver Consumer Control: always reports core events
[    50.208] (**) Option "Device" "/dev/input/event10"
[    50.208] (**) Option "_source" "server/udev"
[    50.211] (II) event10 - Telink Wireless Receiver Consumer Control: is tagged by udev as: Keyboard
[    50.211] (II) event10 - Telink Wireless Receiver Consumer Control: device is a keyboard
[    50.211] (II) event10 - Telink Wireless Receiver Consumer Control: device removed
[    50.211] (II) libinput: Telink Wireless Receiver Consumer Control: needs a virtual subdevice
[    50.211] (**) Option "config_info" "udev:/sys/devices/pci0000:00/0000:00:1d.0/usb2/2-1/2-1.2/2-1.2:1.0/0003:00DA:8510.0003/input/input11/event10"
[    50.211] (II) XINPUT: Adding extended input device "Telink Wireless Receiver Consumer Control" (type: MOUSE, id 16)
[    50.211] (**) Option "AccelerationScheme" "none"
[    50.211] (**) Telink Wireless Receiver Consumer Control: (accel) selected scheme none/0
[    50.211] (**) Telink Wireless Receiver Consumer Control: (accel) acceleration factor: 2.000
[    50.211] (**) Telink Wireless Receiver Consumer Control: (accel) acceleration threshold: 4
[    50.214] (II) event10 - Telink Wireless Receiver Consumer Control: is tagged by udev as: Keyboard
[    50.214] (II) event10 - Telink Wireless Receiver Consumer Control: device is a keyboard
[    50.216] (II) config/udev: Adding input device Telink Wireless Receiver System Control (/dev/input/event11)
[    50.216] (**) Telink Wireless Receiver System Control: Applying InputClass "evdev keyboard catchall"
[    50.216] (**) Telink Wireless Receiver System Control: Applying InputClass "libinput keyboard catchall"
[    50.216] (**) Telink Wireless Receiver System Control: Applying InputClass "system-keyboard"
[    50.216] (II) Using input driver 'libinput' for 'Telink Wireless Receiver System Control'
[    50.218] (II) systemd-logind: got fd for /dev/input/event11 13:75 fd 29 paused 0
[    50.218] (**) Telink Wireless Receiver System Control: always reports core events
[    50.218] (**) Option "Device" "/dev/input/event11"
[    50.218] (**) Option "_source" "server/udev"
[    50.220] (II) event11 - Telink Wireless Receiver System Control: is tagged by udev as: Keyboard
[    50.220] (II) event11 - Telink Wireless Receiver System Control: device is a keyboard
[    50.221] (II) event11 - Telink Wireless Receiver System Control: device removed
[    50.221] (**) Option "config_info" "udev:/sys/devices/pci0000:00/0000:00:1d.0/usb2/2-1/2-1.2/2-1.2:1.0/0003:00DA:8510.0003/input/input12/event11"
[    50.221] (II) XINPUT: Adding extended input device "Telink Wireless Receiver System Control" (type: KEYBOARD, id 17)
[    50.221] (**) Option "xkb_layout" "us"
[    50.223] (II) event11 - Telink Wireless Receiver System Control: is tagged by udev as: Keyboard
[    50.223] (II) event11 - Telink Wireless Receiver System Control: device is a keyboard
[    50.224] (II) config/udev: Adding input device Telink Wireless Receiver (/dev/input/event12)
[    50.225] (**) Telink Wireless Receiver: Applying InputClass "evdev keyboard catchall"
[    50.225] (**) Telink Wireless Receiver: Applying InputClass "libinput keyboard catchall"
[    50.225] (**) Telink Wireless Receiver: Applying InputClass "system-keyboard"
[    50.225] (II) Using input driver 'libinput' for 'Telink Wireless Receiver'
[    50.227] (II) systemd-logind: got fd for /dev/input/event12 13:76 fd 30 paused 0
[    50.227] (**) Telink Wireless Receiver: always reports core events
[    50.227] (**) Option "Device" "/dev/input/event12"
[    50.227] (**) Option "_source" "server/udev"
[    50.229] (II) event12 - Telink Wireless Receiver: is tagged by udev as: Keyboard
[    50.229] (II) event12 - Telink Wireless Receiver: device is a keyboard
[    50.229] (II) event12 - Telink Wireless Receiver: device removed
[    50.229] (**) Option "config_info" "udev:/sys/devices/pci0000:00/0000:00:1d.0/usb2/2-1/2-1.2/2-1.2:1.1/0003:00DA:8510.0004/input/input13/event12"
[    50.229] (II) XINPUT: Adding extended input device "Telink Wireless Receiver" (type: KEYBOARD, id 18)
[    50.229] (**) Option "xkb_layout" "us"
[    50.232] (II) event12 - Telink Wireless Receiver: is tagged by udev as: Keyboard
[    50.232] (II) event12 - Telink Wireless Receiver: device is a keyboard
[    50.233] (II) config/udev: Adding input device AT Translated Set 2 keyboard (/dev/input/event8)
[    50.233] (**) AT Translated Set 2 keyboard: Applying InputClass "evdev keyboard catchall"
[    50.233] (**) AT Translated Set 2 keyboard: Applying InputClass "libinput keyboard catchall"
[    50.233] (**) AT Translated Set 2 keyboard: Applying InputClass "system-keyboard"
[    50.233] (II) Using input driver 'libinput' for 'AT Translated Set 2 keyboard'
[    50.235] (II) systemd-logind: got fd for /dev/input/event8 13:72 fd 31 paused 0
[    50.235] (**) AT Translated Set 2 keyboard: always reports core events
[    50.235] (**) Option "Device" "/dev/input/event8"
[    50.235] (**) Option "_source" "server/udev"
[    50.236] (II) event8  - AT Translated Set 2 keyboard: is tagged by udev as: Keyboard
[    50.236] (II) event8  - AT Translated Set 2 keyboard: device is a keyboard
[    50.238] (II) event8  - AT Translated Set 2 keyboard: device removed
[    50.238] (**) Option "config_info" "udev:/sys/devices/platform/i8042/serio0/input/input8/event8"
[    50.238] (II) XINPUT: Adding extended input device "AT Translated Set 2 keyboard" (type: KEYBOARD, id 19)
[    50.238] (**) Option "xkb_layout" "us"
[    50.239] (II) event8  - AT Translated Set 2 keyboard: is tagged by udev as: Keyboard
[    50.239] (II) event8  - AT Translated Set 2 keyboard: device is a keyboard
[    50.242] (II) config/udev: Adding input device SynPS/2 Synaptics TouchPad (/dev/input/event14)
[    50.242] (**) SynPS/2 Synaptics TouchPad: Applying InputClass "evdev touchpad catchall"
[    50.242] (**) SynPS/2 Synaptics TouchPad: Applying InputClass "libinput touchpad catchall"
[    50.242] (**) SynPS/2 Synaptics TouchPad: Applying InputClass "libinput touchpad catchall"
[    50.242] (**) SynPS/2 Synaptics TouchPad: Applying InputClass "libinput touchpad catchall"
[    50.242] (II) Using input driver 'libinput' for 'SynPS/2 Synaptics TouchPad'
[    50.244] (II) systemd-logind: got fd for /dev/input/event14 13:78 fd 32 paused 0
[    50.244] (**) SynPS/2 Synaptics TouchPad: always reports core events
[    50.244] (**) Option "Device" "/dev/input/event14"
[    50.244] (**) Option "_source" "server/udev"
[    50.245] (II) event14 - SynPS/2 Synaptics TouchPad: is tagged by udev as: Touchpad
[    50.247] (II) event14 - SynPS/2 Synaptics TouchPad: device is a touchpad
[    50.247] (II) event14 - SynPS/2 Synaptics TouchPad: device removed
[    50.247] (**) Option "Tapping" "on"
[    50.247] (**) Option "DisableWhileTyping" "on"
[    50.247] (**) Option "config_info" "udev:/sys/devices/platform/i8042/serio1/input/input14/event14"
[    50.247] (II) XINPUT: Adding extended input device "SynPS/2 Synaptics TouchPad" (type: TOUCHPAD, id 20)
[    50.248] (**) Option "AccelerationScheme" "none"
[    50.248] (**) SynPS/2 Synaptics TouchPad: (accel) selected scheme none/0
[    50.248] (**) SynPS/2 Synaptics TouchPad: (accel) acceleration factor: 2.000
[    50.248] (**) SynPS/2 Synaptics TouchPad: (accel) acceleration threshold: 4
[    50.249] (II) event14 - SynPS/2 Synaptics TouchPad: is tagged by udev as: Touchpad
[    50.250] (II) event14 - SynPS/2 Synaptics TouchPad: device is a touchpad
[    50.251] (II) config/udev: Adding input device SynPS/2 Synaptics TouchPad (/dev/input/mouse2)
[    50.251] (II) No input driver specified, ignoring this device.
[    50.251] (II) This device may have been added with another device file.
[    50.255] (II) config/udev: Adding input device Acer WMI hotkeys (/dev/input/event15)
[    50.255] (**) Acer WMI hotkeys: Applying InputClass "evdev keyboard catchall"
[    50.255] (**) Acer WMI hotkeys: Applying InputClass "libinput keyboard catchall"
[    50.256] (**) Acer WMI hotkeys: Applying InputClass "system-keyboard"
[    50.256] (II) Using input driver 'libinput' for 'Acer WMI hotkeys'
[    50.257] (II) systemd-logind: got fd for /dev/input/event15 13:79 fd 33 paused 0
[    50.257] (**) Acer WMI hotkeys: always reports core events
[    50.257] (**) Option "Device" "/dev/input/event15"
[    50.257] (**) Option "_source" "server/udev"
[    50.258] (II) event15 - Acer WMI hotkeys: is tagged by udev as: Keyboard
[    50.258] (II) event15 - Acer WMI hotkeys: device is a keyboard
[    50.259] (II) event15 - Acer WMI hotkeys: device removed
[    50.259] (**) Option "config_info" "udev:/sys/devices/virtual/input/input16/event15"
[    50.259] (II) XINPUT: Adding extended input device "Acer WMI hotkeys" (type: KEYBOARD, id 21)
[    50.259] (**) Option "xkb_layout" "us"
[    50.260] (II) event15 - Acer WMI hotkeys: is tagged by udev as: Keyboard
[    50.260] (II) event15 - Acer WMI hotkeys: device is a keyboard
[    50.272] (**) Telink Wireless Receiver Consumer Control: Applying InputClass "evdev keyboard catchall"
[    50.272] (**) Telink Wireless Receiver Consumer Control: Applying InputClass "libinput keyboard catchall"
[    50.272] (**) Telink Wireless Receiver Consumer Control: Applying InputClass "system-keyboard"
[    50.272] (II) Using input driver 'libinput' for 'Telink Wireless Receiver Consumer Control'
[    50.272] (II) systemd-logind: returning pre-existing fd for /dev/input/event5 13:69
[    50.272] (**) Telink Wireless Receiver Consumer Control: always reports core events
[    50.272] (**) Option "Device" "/dev/input/event5"
[    50.272] (**) Option "_source" "_driver/libinput"
[    50.272] (II) libinput: Telink Wireless Receiver Consumer Control: is a virtual subdevice
[    50.272] (**) Option "config_info" "udev:/sys/devices/pci0000:00/0000:00:1d.0/usb2/2-1/2-1.1/2-1.1:1.0/0003:248A:8514.0001/input/input5/event5"
[    50.272] (II) XINPUT: Adding extended input device "Telink Wireless Receiver Consumer Control" (type: KEYBOARD, id 22)
[    50.272] (**) Option "xkb_layout" "us"
[    50.273] (**) Telink Wireless Receiver Consumer Control: Applying InputClass "evdev keyboard catchall"
[    50.273] (**) Telink Wireless Receiver Consumer Control: Applying InputClass "libinput keyboard catchall"
[    50.273] (**) Telink Wireless Receiver Consumer Control: Applying InputClass "system-keyboard"
[    50.273] (II) Using input driver 'libinput' for 'Telink Wireless Receiver Consumer Control'
[    50.273] (II) systemd-logind: returning pre-existing fd for /dev/input/event10 13:74
[    50.273] (**) Telink Wireless Receiver Consumer Control: always reports core events
[    50.273] (**) Option "Device" "/dev/input/event10"
[    50.273] (**) Option "_source" "_driver/libinput"
[    50.273] (II) libinput: Telink Wireless Receiver Consumer Control: is a virtual subdevice
[    50.273] (**) Option "config_info" "udev:/sys/devices/pci0000:00/0000:00:1d.0/usb2/2-1/2-1.2/2-1.2:1.0/0003:00DA:8510.0003/input/input11/event10"
[    50.273] (II) XINPUT: Adding extended input device "Telink Wireless Receiver Consumer Control" (type: KEYBOARD, id 23)
[    50.273] (**) Option "xkb_layout" "us"
[    50.505] (II) intel(0): EDID vendor "CMO", prod id 5522
[    50.506] (II) intel(0): Printing DDC gathered Modelines:
[    50.506] (II) intel(0): Modeline "1366x768"x0.0   75.00  1366 1426 1466 1568  768 772 778 797 -hsync -vsync (47.8 kHz eP)
[    50.773] (II) intel(0): resizing framebuffer to 1024x576
[    50.780] (II) intel(0): switch to mode 1024x576@60.0 on LVDS1 using pipe 0, position (0, 0), rotation normal, reflection none
[    51.318] (EE) event4  - Telink Wireless Receiver Mouse: client bug: event processing lagging behind by 801ms, your system is too slow
