00:00:00.046496 main     VirtualBox XPCOM Server 6.1.16 r140961 linux.amd64 (Oct 20 2020 18:52:28) release log
00:00:00.046504 main     Log opened 2021-01-11T13:57:47.761543000Z
00:00:00.046507 main     Build Type: release
00:00:00.046519 main     OS Product: Linux
00:00:00.046523 main     OS Release: 5.4.80-2-MANJARO
00:00:00.046542 main     OS Version: #1 SMP PREEMPT Sat Nov 28 09:58:18 UTC 2020
00:00:00.046630 main     DMI Product Name: Aspire E1-571
00:00:00.046658 main     DMI Product Version: V2.15
00:00:00.046689 main     Firmware type: BIOS
00:00:00.046796 main     Host RAM: 7781MB (7.5GB) total, 7243MB (7.0GB) available
00:00:00.046820 main     Executable: /usr/lib/virtualbox/VBoxSVC
00:00:00.046823 main     Process ID: 10971
00:00:00.046824 main     Package type: LINUX_64BITS_GENERIC (OSE)
00:00:00.052006 main     IPC socket path: /tmp/.vbox-united-ipc/ipcd
00:00:00.195043 nspr-2   VirtualBox: object creation starts
00:00:00.195266 nspr-2   Home directory: '/home/united/.config/VirtualBox'
00:00:00.209028 nspr-2   Loading settings file "/home/united/.config/VirtualBox/VirtualBox.xml" with version "1.12-linux"
00:00:00.244448 nspr-2   USB: Unknown USB device detected (idVendor: 0x0489, idProduct: 0xe04e)
00:00:00.244979 nspr-2   Successfully initialised host USB using sysfs
00:00:00.275166 nspr-2   HostDnsMonitor: initializing
00:00:00.275891 nspr-2   HostDnsMonitor: updating information
00:00:00.275925 nspr-2   HostDnsMonitor: unchanged
00:00:00.369428 nspr-2   VD: VDInit finished with VINF_SUCCESS
00:00:00.437663 nspr-2   Loading settings file "/home/united/VirtualBox VMs/windows10/windows10.vbox" with version "1.15-linux"
00:00:00.464312 nspr-2   Loading settings file "/home/united/VirtualBox VMs/manjaro-arch/manjaro-arch.vbox" with version "1.16-linux"
00:00:00.492490 nspr-2   OCI: Local config file '/home/united/.config/VirtualBox/oci_config' does not exist
00:00:00.492581 nspr-2   OCI: Original config file '/home/united/.oci/config' does not exist
00:00:00.492596 nspr-2   OCI: Reading profiles finished with status NS_OK
00:00:00.492673 nspr-2   ExtPack: Created cloud provider 'OCI' (hrc=NS_OK)
00:00:00.492748 nspr-2   VirtualBox: object created
00:00:19.660970 nspr-2   Saving settings file "/home/united/.config/VirtualBox/VirtualBox.xml" with version "1.12-linux"
00:00:19.776929 nspr-2   Saving settings file "/home/united/.config/VirtualBox/VirtualBox.xml" with version "1.12-linux"
00:00:19.854126 nspr-5   Saving settings file "/home/united/.config/VirtualBox/VirtualBox.xml" with version "1.12-linux"
00:00:25.441730 main     VirtualBox: object deletion starts
00:00:25.441850 main     ERROR [COM]: aRC=VBOX_E_OBJECT_IN_USE (0x80bb000c) aIID={ad47ad09-787b-44ab-b343-a082a3f2dfb1} aComponent={MediumWrap} aText={Medium '/home/united/VirtualBox VMs/windows10/windows10.vdi' cannot be closed because it is still attached to 1 virtual machines}, preserve=false aResultDetail=0
00:00:25.442238 main     ERROR [COM]: aRC=VBOX_E_OBJECT_IN_USE (0x80bb000c) aIID={ad47ad09-787b-44ab-b343-a082a3f2dfb1} aComponent={MediumWrap} aText={Medium '/home/united/VirtualBox VMs/manjaro-arch/manjaro-arch.vdi' cannot be closed because it is still attached to 1 virtual machines}, preserve=false aResultDetail=0
00:00:25.443166 main     HostDnsMonitor: shutting down ...
00:00:25.443795 main     HostDnsMonitor: shut down
00:00:25.500347 Watcher  ERROR [COM]: aRC=E_ACCESSDENIED (0x80070005) aIID={d0a0163f-e254-4e5b-a1f2-011cf991c38d} aComponent={VirtualBoxWrap} aText={The object is not ready}, preserve=false aResultDetail=0
00:00:30.457987 main     {00007f0fc8016aa0} HostPowerServiceLinux::~HostPowerServiceLinux: RTThreadWait() for 5000 ms failed with VERR_TIMEOUT
00:00:30.459136 main     VirtualBox: object deleted
